C:\Program Files\Microsoft Visual Studio\2022\Community\MSBuild\Microsoft\VC\v170\Microsoft.CppBuild.targets(534,5): warning MSB8028: El directorio intermedio (x64\Debug\) contiene archivos compartidos de otro proyecto (P1_HolaMundo.vcxproj). Esto puede dar lugar a un comportamiento incorrecto de limpieza y recompilación.
  GameScene.cpp
C:\Users\claul\OneDrive\Escritorio\PA_Practicas\P1_HolaMundo\Solid.h(34,60): warning C4227: se ha utilizado un anacronismo: se omiten los calificadores de la referencia
C:\Users\claul\OneDrive\Escritorio\PA_Practicas\P1_HolaMundo\Sphere.h(15,9): warning C4244: 'inicializando': conversión de 'float' a 'int'; posible pérdida de datos
C:\Users\claul\OneDrive\Escritorio\PA_Practicas\P1_HolaMundo\Sphere.h(16,9): warning C4244: 'inicializando': conversión de 'float' a 'int'; posible pérdida de datos
C:\Users\claul\OneDrive\Escritorio\PA_Practicas\P1_HolaMundo\Sphere.h(22,10): warning C4244: 'inicializando': conversión de 'float' a 'int'; posible pérdida de datos
C:\Users\claul\OneDrive\Escritorio\PA_Practicas\P1_HolaMundo\Sphere.h(23,10): warning C4244: 'inicializando': conversión de 'float' a 'int'; posible pérdida de datos
C:\Users\claul\OneDrive\Escritorio\PA_Practicas\P1_HolaMundo\Sphere.h(28,46): warning C4244: 'return': conversión de 'const int' a 'float'; posible pérdida de datos
C:\Users\claul\OneDrive\Escritorio\PA_Practicas\P1_HolaMundo\Sphere.h(29,46): warning C4244: 'return': conversión de 'const int' a 'float'; posible pérdida de datos
C:\Users\claul\OneDrive\Escritorio\PA_Practicas\P1_HolaMundo\Sphere.h(33,67): warning C4244: '=': conversión de 'const float' a 'int'; posible pérdida de datos
C:\Users\claul\OneDrive\Escritorio\PA_Practicas\P1_HolaMundo\Sphere.h(34,67): warning C4244: '=': conversión de 'const float' a 'int'; posible pérdida de datos
C:\Users\claul\OneDrive\Escritorio\PA_Practicas\P1_HolaMundo\GameScene.cpp(19,54): warning C4305: 'argumento': truncamiento de 'double' a 'T'
          with
          [
              T=float
          ]
C:\Users\claul\OneDrive\Escritorio\PA_Practicas\P1_HolaMundo\GameScene.cpp(22,54): warning C4305: 'argumento': truncamiento de 'double' a 'T'
          with
          [
              T=float
          ]
C:\Users\claul\OneDrive\Escritorio\PA_Practicas\P1_HolaMundo\GameScene.cpp(23,54): warning C4305: 'argumento': truncamiento de 'double' a 'T'
          with
          [
              T=float
          ]
C:\Users\claul\OneDrive\Escritorio\PA_Practicas\P1_HolaMundo\GameScene.cpp(31,45): warning C4305: 'argumento': truncamiento de 'double' a 'float'
C:\Users\claul\OneDrive\Escritorio\PA_Practicas\P1_HolaMundo\GameScene.cpp(40,25): warning C4305: 'argumento': truncamiento de 'double' a 'float'
C:\Users\claul\OneDrive\Escritorio\PA_Practicas\P1_HolaMundo\GameScene.cpp(45,50): warning C4305: 'argumento': truncamiento de 'double' a 'float'
C:\Users\claul\OneDrive\Escritorio\PA_Practicas\P1_HolaMundo\GameScene.cpp(46,64): warning C4244: 'argumento': conversión de 'int' a 'T'; posible pérdida de datos
          with
          [
              T=float
          ]
C:\Users\claul\OneDrive\Escritorio\PA_Practicas\P1_HolaMundo\GameScene.cpp(46,56): warning C4244: 'argumento': conversión de 'int' a 'T'; posible pérdida de datos
          with
          [
              T=float
          ]
C:\Users\claul\OneDrive\Escritorio\PA_Practicas\P1_HolaMundo\GameScene.cpp(46,48): warning C4244: 'argumento': conversión de 'int' a 'T'; posible pérdida de datos
          with
          [
              T=float
          ]
C:\Users\claul\OneDrive\Escritorio\PA_Practicas\P1_HolaMundo\GameScene.cpp(47,63): warning C4305: 'argumento': truncamiento de 'double' a 'T'
          with
          [
              T=float
          ]
C:\Users\claul\OneDrive\Escritorio\PA_Practicas\P1_HolaMundo\GameScene.cpp(48,53): warning C4305: 'argumento': truncamiento de 'double' a 'T'
          with
          [
              T=float
          ]
C:\Users\claul\OneDrive\Escritorio\PA_Practicas\P1_HolaMundo\GameScene.cpp(53,25): warning C4305: 'argumento': truncamiento de 'double' a 'float'
C:\Users\claul\OneDrive\Escritorio\PA_Practicas\P1_HolaMundo\GameScene.cpp(58,50): warning C4305: 'argumento': truncamiento de 'double' a 'float'
C:\Users\claul\OneDrive\Escritorio\PA_Practicas\P1_HolaMundo\GameScene.cpp(59,64): warning C4244: 'argumento': conversión de 'int' a 'T'; posible pérdida de datos
          with
          [
              T=float
          ]
C:\Users\claul\OneDrive\Escritorio\PA_Practicas\P1_HolaMundo\GameScene.cpp(59,56): warning C4244: 'argumento': conversión de 'int' a 'T'; posible pérdida de datos
          with
          [
              T=float
          ]
C:\Users\claul\OneDrive\Escritorio\PA_Practicas\P1_HolaMundo\GameScene.cpp(59,48): warning C4244: 'argumento': conversión de 'int' a 'T'; posible pérdida de datos
          with
          [
              T=float
          ]
C:\Users\claul\OneDrive\Escritorio\PA_Practicas\P1_HolaMundo\GameScene.cpp(60,63): warning C4305: 'argumento': truncamiento de 'double' a 'T'
          with
          [
              T=float
          ]
C:\Users\claul\OneDrive\Escritorio\PA_Practicas\P1_HolaMundo\GameScene.cpp(61,53): warning C4305: 'argumento': truncamiento de 'double' a 'T'
          with
          [
              T=float
          ]
C:\Users\claul\OneDrive\Escritorio\PA_Practicas\P1_HolaMundo\GameScene.cpp(66,25): warning C4305: 'argumento': truncamiento de 'double' a 'float'
C:\Users\claul\OneDrive\Escritorio\PA_Practicas\P1_HolaMundo\GameScene.cpp(71,50): warning C4305: 'argumento': truncamiento de 'double' a 'float'
C:\Users\claul\OneDrive\Escritorio\PA_Practicas\P1_HolaMundo\GameScene.cpp(72,64): warning C4244: 'argumento': conversión de 'int' a 'T'; posible pérdida de datos
          with
          [
              T=float
          ]
C:\Users\claul\OneDrive\Escritorio\PA_Practicas\P1_HolaMundo\GameScene.cpp(72,56): warning C4244: 'argumento': conversión de 'int' a 'T'; posible pérdida de datos
          with
          [
              T=float
          ]
C:\Users\claul\OneDrive\Escritorio\PA_Practicas\P1_HolaMundo\GameScene.cpp(72,48): warning C4244: 'argumento': conversión de 'int' a 'T'; posible pérdida de datos
          with
          [
              T=float
          ]
C:\Users\claul\OneDrive\Escritorio\PA_Practicas\P1_HolaMundo\GameScene.cpp(73,63): warning C4305: 'argumento': truncamiento de 'double' a 'T'
          with
          [
              T=float
          ]
C:\Users\claul\OneDrive\Escritorio\PA_Practicas\P1_HolaMundo\GameScene.cpp(74,53): warning C4305: 'argumento': truncamiento de 'double' a 'T'
          with
          [
              T=float
          ]
C:\Users\claul\OneDrive\Escritorio\PA_Practicas\P1_HolaMundo\GameScene.cpp(79,25): warning C4305: 'argumento': truncamiento de 'double' a 'float'
C:\Users\claul\OneDrive\Escritorio\PA_Practicas\P1_HolaMundo\GameScene.cpp(84,50): warning C4305: 'argumento': truncamiento de 'double' a 'float'
C:\Users\claul\OneDrive\Escritorio\PA_Practicas\P1_HolaMundo\GameScene.cpp(85,64): warning C4244: 'argumento': conversión de 'int' a 'T'; posible pérdida de datos
          with
          [
              T=float
          ]
C:\Users\claul\OneDrive\Escritorio\PA_Practicas\P1_HolaMundo\GameScene.cpp(85,56): warning C4244: 'argumento': conversión de 'int' a 'T'; posible pérdida de datos
          with
          [
              T=float
          ]
C:\Users\claul\OneDrive\Escritorio\PA_Practicas\P1_HolaMundo\GameScene.cpp(85,48): warning C4244: 'argumento': conversión de 'int' a 'T'; posible pérdida de datos
          with
          [
              T=float
          ]
C:\Users\claul\OneDrive\Escritorio\PA_Practicas\P1_HolaMundo\GameScene.cpp(86,63): warning C4305: 'argumento': truncamiento de 'double' a 'T'
          with
          [
              T=float
          ]
C:\Users\claul\OneDrive\Escritorio\PA_Practicas\P1_HolaMundo\GameScene.cpp(87,53): warning C4305: 'argumento': truncamiento de 'double' a 'T'
          with
          [
              T=float
          ]
C:\Users\claul\OneDrive\Escritorio\PA_Practicas\P1_HolaMundo\GameScene.cpp(114,67): warning C4244: 'argumento': conversión de 'double' a 'T'; posible pérdida de datos
          with
          [
              T=float
          ]
C:\Users\claul\OneDrive\Escritorio\PA_Practicas\P1_HolaMundo\GameScene.cpp(122,115): warning C4244: 'argumento': conversión de 'double' a 'T'; posible pérdida de datos
          with
          [
              T=float
          ]
C:\Users\claul\OneDrive\Escritorio\PA_Practicas\P1_HolaMundo\GameScene.cpp(231,19): warning C4305: '=': truncamiento de 'double' a 'float'
C:\Users\claul\OneDrive\Escritorio\PA_Practicas\P1_HolaMundo\Vector3D.h(68,14): warning C4244: 'return': conversión de 'double' a 'T'; posible pérdida de datos
          with
          [
              T=float
          ]
C:\Users\claul\OneDrive\Escritorio\PA_Practicas\P1_HolaMundo\Vector3D.h(66): message : al compilar la función del miembro clase plantilla "T Vector3Dx<T>::distance2D(const Vector3Dx<T> &)"
          with
          [
              T=float
          ]
C:\Users\claul\OneDrive\Escritorio\PA_Practicas\P1_HolaMundo\GameScene.cpp(232): message : Vea la referencia a la creación de una instancia de la función plantilla "T Vector3Dx<T>::distance2D(const Vector3Dx<T> &)" que se está compilando
          with
          [
              T=float
          ]
C:\Users\claul\OneDrive\Escritorio\PA_Practicas\P1_HolaMundo\Solid.h(7): message : Vea la referencia a la creación de una instancia de clase plantilla "Vector3Dx<float>" que se está compilando
C:\Users\claul\OneDrive\Escritorio\PA_Practicas\P1_HolaMundo\GameScene.cpp(238): warning C4715: 'GameScene::Collisions': no todas las rutas de acceso de control devuelven un valor
  P1_HolaMundo.vcxproj -> C:\Users\claul\OneDrive\Escritorio\PA_Practicas\x64\Debug\P3_Game.exe
