c:\users\fjpa\documents\x2\pa_practicas\p1_holamundo\x64\debug\vc143.pdb
c:\users\fjpa\documents\x2\pa_practicas\p1_holamundo\x64\debug\vc143.idb
c:\users\fjpa\documents\x2\pa_practicas\p1_holamundo\x64\debug\torus.obj
c:\users\fjpa\documents\x2\pa_practicas\p1_holamundo\x64\debug\titlescene.obj
c:\users\fjpa\documents\x2\pa_practicas\p1_holamundo\x64\debug\text.obj
c:\users\fjpa\documents\x2\pa_practicas\p1_holamundo\x64\debug\teapot.obj
c:\users\fjpa\documents\x2\pa_practicas\p1_holamundo\x64\debug\sphere.obj
c:\users\fjpa\documents\x2\pa_practicas\p1_holamundo\x64\debug\solid.obj
c:\users\fjpa\documents\x2\pa_practicas\p1_holamundo\x64\debug\scene.obj
c:\users\fjpa\documents\x2\pa_practicas\p1_holamundo\x64\debug\player.obj
c:\users\fjpa\documents\x2\pa_practicas\p1_holamundo\x64\debug\cuboid.obj
c:\users\fjpa\documents\x2\pa_practicas\p1_holamundo\x64\debug\main.obj
c:\users\fjpa\documents\x2\pa_practicas\p1_holamundo\x64\debug\modelloader.obj
c:\users\fjpa\documents\x2\pa_practicas\p1_holamundo\x64\debug\model.obj
c:\users\fjpa\documents\x2\pa_practicas\p1_holamundo\x64\debug\gamescene.obj
c:\users\fjpa\documents\x2\pa_practicas\p1_holamundo\x64\debug\gameoverscene.obj
c:\users\fjpa\documents\x2\pa_practicas\p1_holamundo\x64\debug\game.obj
c:\users\fjpa\documents\x2\pa_practicas\p1_holamundo\x64\debug\cylinder.obj
c:\users\fjpa\documents\x2\pa_practicas\p1_holamundo\x64\debug\cube.obj
c:\users\fjpa\documents\x2\pa_practicas\p1_holamundo\x64\debug\color.obj
c:\users\fjpa\documents\x2\pa_practicas\p1_holamundo\x64\debug\camera.obj
c:\users\fjpa\documents\x2\pa_practicas\p1_holamundo\x64\debug\asteroid.obj
c:\users\fjpa\documents\x2\pa_practicas\p1_holamundo\x64\debug\vector3d.obj
c:\users\fjpa\documents\x2\pa_practicas\p1_holamundo\x64\debug\triangle.obj
c:\users\fjpa\documents\x2\pa_practicas\p1_holamundo\x64\debug\scenemanager.obj
c:\users\fjpa\documents\x2\pa_practicas\p1_holamundo\x64\debug\p1_holamundo.obj
c:\users\fjpa\documents\x2\pa_practicas\p1_holamundo\x64\debug\prisma.obj
c:\users\fjpa\documents\x2\pa_practicas\p1_holamundo\x64\debug\toroide.obj
c:\users\fjpa\documents\x2\pa_practicas\p1_holamundo\x64\debug\game.obj.enc
c:\users\fjpa\documents\x2\pa_practicas\p1_holamundo\x64\debug\p1_holamundo.ilk
c:\users\fjpa\documents\x2\pa_practicas\x64\debug\p3_game.pdb
c:\users\fjpa\documents\x2\pa_practicas\p1_holamundo\x64\debug\p3_game.tlog\cl.command.1.tlog
c:\users\fjpa\documents\x2\pa_practicas\p1_holamundo\x64\debug\p3_game.tlog\cl.read.1.tlog
c:\users\fjpa\documents\x2\pa_practicas\p1_holamundo\x64\debug\p3_game.tlog\cl.write.1.tlog
c:\users\fjpa\documents\x2\pa_practicas\p1_holamundo\x64\debug\p3_game.tlog\link.command.1.tlog
c:\users\fjpa\documents\x2\pa_practicas\p1_holamundo\x64\debug\p3_game.tlog\link.read.1.tlog
c:\users\fjpa\documents\x2\pa_practicas\p1_holamundo\x64\debug\p3_game.tlog\link.write.1.tlog
